Server is ready to accept connections on port 1527.
----------------------------------------------------------------
2008-09-04 04:05:50.343 GMT:
 Booting Derby version The Apache Software Foundation - Apache Derby - 10.1.3.1 - (417277): instance c013800d-011c-2b89-93c1-000006a86790
on database directory C:\Documents and Settings\nvellanki\My Documents\Aptana Studio\depot\db\aptanaDB 

Connection number: 1.
Shutdown successful.
2008-09-04 04:05:50.984 GMT Thread[Worker-5,5,main] Cleanup action starting
ERROR XBM01: Startup failed due to an exception. See next exception for details. 
	at org.apache.derby.iapi.error.StandardException.newException(Unknown Source)
	at org.apache.derby.iapi.services.monitor.Monitor.exceptionStartingModule(Unknown Source)
	at org.apache.derby.impl.services.monitor.BaseMonitor.bootService(Unknown Source)
	at org.apache.derby.impl.services.monitor.BaseMonitor.createPersistentService(Unknown Source)
	at org.apache.derby.iapi.services.monitor.Monitor.createPersistentService(Unknown Source)
	at org.apache.derby.impl.jdbc.EmbedConnection.createDatabase(Unknown Source)
	at org.apache.derby.impl.jdbc.EmbedConnection.<init>(Unknown Source)
	at org.apache.derby.impl.jdbc.EmbedConnection30.<init>(Unknown Source)
	at org.apache.derby.jdbc.Driver30.getNewEmbedConnection(Unknown Source)
	at org.apache.derby.jdbc.InternalDriver.connect(Unknown Source)
	at java.sql.DriverManager.getConnection(Unknown Source)
	at java.sql.DriverManager.getConnection(Unknown Source)
	at com.aptana.ide.core.db.AptanaDB.getConnection(AptanaDB.java:225)
	at com.aptana.ide.core.db.AptanaDB.execute(AptanaDB.java:97)
	at com.aptana.ide.core.db.EventLogger.clearEvents(EventLogger.java:172)
	at com.aptana.ide.core.ui.update.SchedulerStartup.updateAnonymousId(SchedulerStartup.java:340)
	at com.aptana.ide.core.ui.update.SchedulerStartup.startSearch(SchedulerStartup.java:175)
	at com.aptana.ide.core.ui.update.SchedulerStartup.scheduleUpdateJob(SchedulerStartup.java:113)
	at com.aptana.ide.core.ui.update.SchedulerStartup.earlyStartup(SchedulerStartup.java:77)
	at org.eclipse.ui.internal.EarlyStartupRunnable.runEarlyStartup(EarlyStartupRunnable.java:87)
	at org.eclipse.ui.internal.EarlyStartupRunnable.run(EarlyStartupRunnable.java:66)
	at org.eclipse.core.runtime.SafeRunner.run(SafeRunner.java:37)
	at org.eclipse.ui.internal.Workbench$21.run(Workbench.java:1775)
	at org.eclipse.core.internal.jobs.Worker.run(Worker.java:58)
============= begin nested exception, level (1) ===========
ERROR XJ015: Derby system shutdown.
	at org.apache.derby.iapi.error.StandardException.newException(Unknown Source)
	at org.apache.derby.impl.services.monitor.BaseMonitor.bootService(Unknown Source)
	at org.apache.derby.impl.services.monitor.BaseMonitor.createPersistentService(Unknown Source)
	at org.apache.derby.iapi.services.monitor.Monitor.createPersistentService(Unknown Source)
	at org.apache.derby.impl.jdbc.EmbedConnection.createDatabase(Unknown Source)
	at org.apache.derby.impl.jdbc.EmbedConnection.<init>(Unknown Source)
	at org.apache.derby.impl.jdbc.EmbedConnection30.<init>(Unknown Source)
	at org.apache.derby.jdbc.Driver30.getNewEmbedConnection(Unknown Source)
	at org.apache.derby.jdbc.InternalDriver.connect(Unknown Source)
	at java.sql.DriverManager.getConnection(Unknown Source)
	at java.sql.DriverManager.getConnection(Unknown Source)
	at com.aptana.ide.core.db.AptanaDB.getConnection(AptanaDB.java:225)
	at com.aptana.ide.core.db.AptanaDB.execute(AptanaDB.java:97)
	at com.aptana.ide.core.db.EventLogger.clearEvents(EventLogger.java:172)
	at com.aptana.ide.core.ui.update.SchedulerStartup.updateAnonymousId(SchedulerStartup.java:340)
	at com.aptana.ide.core.ui.update.SchedulerStartup.startSearch(SchedulerStartup.java:175)
	at com.aptana.ide.core.ui.update.SchedulerStartup.scheduleUpdateJob(SchedulerStartup.java:113)
	at com.aptana.ide.core.ui.update.SchedulerStartup.earlyStartup(SchedulerStartup.java:77)
	at org.eclipse.ui.internal.EarlyStartupRunnable.runEarlyStartup(EarlyStartupRunnable.java:87)
	at org.eclipse.ui.internal.EarlyStartupRunnable.run(EarlyStartupRunnable.java:66)
	at org.eclipse.core.runtime.SafeRunner.run(SafeRunner.java:37)
	at org.eclipse.ui.internal.Workbench$21.run(Workbench.java:1775)
	at org.eclipse.core.internal.jobs.Worker.run(Worker.java:58)
============= end nested exception, level (1) ===========
Cleanup action completed
